PRT1
82
162
4 0 28 (1024 0 704 ) (1024 0 192 ) (1088 0 192 ) (1088 0 704 ) 
4 0 3 (1024 0 192 ) (1024 0 704 ) (1024 640 704 ) (1024 640 192 ) 
4 0 1 (1024 320 192 ) (1024 640 192 ) (1088 640 192 ) (1088 320 192 ) 
4 0 2 (1024 0 192 ) (1024 256 192 ) (1088 256 192 ) (1088 0 192 ) 
4 1 5 (1024 320 192 ) (1024 512 192 ) (1024 512 64 ) (1024 320 64 ) 
4 1 4 (1024 512 192 ) (1024 640 192 ) (1024 640 64 ) (1024 512 64 ) 
4 2 29 (1024 0 192 ) (1024 0 64 ) (1088 0 64 ) (1088 0 192 ) 
4 2 8 (1024 0 64 ) (1024 0 192 ) (1024 256 192 ) (1024 256 64 ) 
4 3 31 (1024 0 192 ) (1024 0 704 ) (0 0 704 ) (0 0 192 ) 
4 3 13 (0 0 192 ) (0 0 704 ) (0 640 704 ) (0 640 192 ) 
4 3 10 (0 192 192 ) (0 320 192 ) (512 320 192 ) (512 192 192 ) 
4 3 11 (512 0 192 ) (0 0 192 ) (0 128 192 ) (512 128 192 ) 
4 3 9 (768 0 192 ) (512 0 192 ) (512 320 192 ) (768 320 192 ) 
4 3 8 (1024 256 192 ) (1024 0 192 ) (768 0 192 ) (768 256 192 ) 
4 3 6 (768 320 192 ) (64 320 192 ) (64 448 192 ) (768 448 192 ) 
4 3 7 (64 320 192 ) (0 320 192 ) (0 512 192 ) (64 512 192 ) 
4 3 5 (1024 512 192 ) (1024 320 192 ) (832 320 192 ) (832 512 192 ) 
4 3 4 (1024 640 192 ) (1024 512 192 ) (0 512 192 ) (0 640 192 ) 
4 4 16 (0 512 192 ) (0 640 192 ) (0 640 64 ) (0 512 64 ) 
4 4 7 (0 512 64 ) (64 512 64 ) (64 512 192 ) (0 512 192 ) 
4 4 5 (832 512 64 ) (1024 512 64 ) (1024 512 192 ) (832 512 192 ) 
4 6 10 (64 320 64 ) (512 320 64 ) (512 320 192 ) (64 320 192 ) 
4 6 9 (512 320 64 ) (768 320 64 ) (768 320 192 ) (512 320 192 ) 
4 6 7 (64 448 64 ) (64 320 64 ) (64 320 192 ) (64 448 192 ) 
4 7 16 (0 320 192 ) (0 512 192 ) (0 512 64 ) (0 320 64 ) 
4 7 10 (0 320 64 ) (64 320 64 ) (64 320 192 ) (0 320 192 ) 
4 8 32 (1024 0 64 ) (1024 0 192 ) (832 0 192 ) (832 0 64 ) 
4 8 9 (768 256 64 ) (768 0 64 ) (768 0 192 ) (768 256 192 ) 
4 9 33 (768 0 192 ) (512 0 192 ) (512 0 64 ) (768 0 64 ) 
4 9 10 (512 320 192 ) (512 320 64 ) (512 192 64 ) (512 192 192 ) 
4 9 11 (512 128 64 ) (512 0 64 ) (512 0 192 ) (512 128 192 ) 
4 10 16 (0 192 192 ) (0 320 192 ) (0 320 64 ) (0 192 64 ) 
4 11 19 (0 0 64 ) (0 0 192 ) (0 128 192 ) (0 128 64 ) 
4 12 14 (-704 1024 192 ) (-128 1024 192 ) (-128 704 192 ) (-704 704 192 ) 
4 13 53 (0 0 192 ) (0 0 704 ) (-1024 0 704 ) (-1024 0 192 ) 
4 13 23 (-1024 0 192 ) (-1024 0 704 ) (-1024 640 704 ) (-1024 640 192 ) 
4 13 22 (-704 0 192 ) (-1024 0 192 ) (-1024 128 192 ) (-704 128 192 ) 
4 13 21 (-1024 192 192 ) (-1024 448 192 ) (-640 448 192 ) (-640 192 192 ) 
4 13 20 (-1024 512 192 ) (-1024 640 192 ) (-640 640 192 ) (-640 512 192 ) 
4 13 18 (-640 192 192 ) (-640 448 192 ) (-256 448 192 ) (-256 192 192 ) 
4 13 17 (-576 640 192 ) (-256 640 192 ) (-256 448 192 ) (-576 448 192 ) 
4 13 16 (0 640 192 ) (0 192 192 ) (-192 192 192 ) (-192 640 192 ) 
4 13 19 (0 128 192 ) (0 0 192 ) (-640 0 192 ) (-640 128 192 ) 
4 14 15 (-576 704 64 ) (-256 704 64 ) (-256 704 192 ) (-576 704 192 ) 
4 15 17 (-576 640 64 ) (-256 640 64 ) (-256 640 192 ) (-576 640 192 ) 
4 17 18 (-576 448 64 ) (-256 448 64 ) (-256 448 192 ) (-576 448 192 ) 
4 18 21 (-640 448 64 ) (-640 192 64 ) (-640 192 192 ) (-640 448 192 ) 
4 20 24 (-1024 512 192 ) (-1024 640 192 ) (-1024 640 64 ) (-1024 512 64 ) 
4 21 25 (-1024 192 192 ) (-1024 448 192 ) (-1024 448 64 ) (-1024 192 64 ) 
4 22 60 (-704 0 192 ) (-1024 0 192 ) (-1024 0 64 ) (-704 0 64 ) 
4 22 26 (-1024 0 64 ) (-1024 0 192 ) (-1024 128 192 ) (-1024 128 64 ) 
4 23 64 (-1024 0 192 ) (-1024 0 704 ) (-1471 0 704 ) (-1471 0 192 ) 
4 23 27 (-1216 0 192 ) (-1471 0 192 ) (-1471 640 192 ) (-1216 640 192 ) 
4 23 26 (-1024 128 192 ) (-1024 0 192 ) (-1152 0 192 ) (-1152 128 192 ) 
4 23 24 (-1024 640 192 ) (-1024 512 192 ) (-1216 512 192 ) (-1216 640 192 ) 
4 23 25 (-1024 448 192 ) (-1024 192 192 ) (-1216 192 192 ) (-1216 448 192 ) 
4 24 27 (-1216 640 192 ) (-1216 640 64 ) (-1216 512 64 ) (-1216 512 192 ) 
4 25 27 (-1216 448 64 ) (-1216 192 64 ) (-1216 192 192 ) (-1216 448 192 ) 
4 26 65 (-1024 0 64 ) (-1024 0 192 ) (-1152 0 192 ) (-1152 0 64 ) 
4 27 68 (-1216 0 192 ) (-1471 0 192 ) (-1471 0 64 ) (-1216 0 64 ) 
4 28 44 (1088 -1024 192 ) (1088 -1024 704 ) (1024 -1024 704 ) (1024 -1024 192 ) 
4 28 31 (1024 -1024 192 ) (1024 -1024 704 ) (1024 0 704 ) (1024 0 192 ) 
4 28 29 (1024 0 192 ) (1088 0 192 ) (1088 -640 192 ) (1024 -640 192 ) 
4 28 30 (1088 -704 192 ) (1088 -1024 192 ) (1024 -1024 192 ) (1024 -704 192 ) 
4 29 35 (1024 -640 192 ) (1024 -320 192 ) (1024 -320 64 ) (1024 -640 64 ) 
4 29 32 (1024 -320 192 ) (1024 0 192 ) (1024 0 64 ) (1024 -320 64 ) 
4 30 45 (1088 -1024 64 ) (1088 -1024 192 ) (1024 -1024 192 ) (1024 -1024 64 ) 
4 30 41 (1024 -1024 64 ) (1024 -1024 192 ) (1024 -960 192 ) (1024 -960 64 ) 
4 30 39 (1024 -960 192 ) (1024 -704 192 ) (1024 -704 64 ) (1024 -960 64 ) 
4 31 53 (0 0 704 ) (0 0 192 ) (0 -1024 192 ) (0 -1024 704 ) 
4 31 46 (1024 -1024 192 ) (1024 -1024 704 ) (0 -1024 704 ) (0 -1024 192 ) 
4 31 42 (768 -1024 192 ) (512 -1024 192 ) (512 -960 192 ) (768 -960 192 ) 
4 31 43 (448 -1024 192 ) (128 -1024 192 ) (128 -960 192 ) (448 -960 192 ) 
4 31 41 (1024 -1024 192 ) (832 -1024 192 ) (832 -960 192 ) (1024 -960 192 ) 
4 31 40 (0 -960 192 ) (0 -704 192 ) (64 -704 192 ) (64 -960 192 ) 
4 31 38 (512 -640 192 ) (768 -640 192 ) (768 -704 192 ) (512 -704 192 ) 
4 31 39 (1024 -704 192 ) (1024 -960 192 ) (128 -960 192 ) (128 -704 192 ) 
4 31 36 (128 -320 192 ) (384 -320 192 ) (384 -384 192 ) (128 -384 192 ) 
4 31 37 (0 -640 192 ) (0 -384 192 ) (768 -384 192 ) (768 -640 192 ) 
4 31 35 (832 -320 192 ) (1024 -320 192 ) (1024 -640 192 ) (832 -640 192 ) 
4 31 34 (0 -320 192 ) (0 -64 192 ) (512 -64 192 ) (512 -320 192 ) 
4 31 32 (832 0 192 ) (1024 0 192 ) (1024 -320 192 ) (832 -320 192 ) 
4 31 33 (512 0 192 ) (768 0 192 ) (768 -320 192 ) (512 -320 192 ) 
4 32 35 (832 -320 64 ) (1024 -320 64 ) (1024 -320 192 ) (832 -320 192 ) 
4 33 34 (512 -64 64 ) (512 -320 64 ) (512 -320 192 ) (512 -64 192 ) 
4 34 54 (0 -64 64 ) (0 -320 64 ) (0 -320 192 ) (0 -64 192 ) 
4 34 36 (128 -320 64 ) (384 -320 64 ) (384 -320 192 ) (128 -320 192 ) 
4 36 37 (128 -384 64 ) (384 -384 64 ) (384 -384 192 ) (128 -384 192 ) 
4 37 56 (0 -384 64 ) (0 -640 64 ) (0 -640 192 ) (0 -384 192 ) 
4 37 38 (512 -640 64 ) (768 -640 64 ) (768 -640 192 ) (512 -640 192 ) 
4 38 39 (512 -704 64 ) (768 -704 64 ) (768 -704 192 ) (512 -704 192 ) 
4 39 42 (512 -960 64 ) (768 -960 64 ) (768 -960 192 ) (512 -960 192 ) 
4 39 43 (128 -960 64 ) (448 -960 64 ) (448 -960 192 ) (128 -960 192 ) 
4 39 41 (832 -960 64 ) (1024 -960 64 ) (1024 -960 192 ) (832 -960 192 ) 
4 40 57 (0 -704 64 ) (0 -960 64 ) (0 -960 192 ) (0 -704 192 ) 
4 41 47 (1024 -1024 64 ) (1024 -1024 192 ) (832 -1024 192 ) (832 -1024 64 ) 
4 42 48 (768 -1024 192 ) (512 -1024 192 ) (512 -1024 64 ) (768 -1024 64 ) 
4 43 49 (448 -1024 192 ) (128 -1024 192 ) (128 -1024 64 ) (448 -1024 64 ) 
4 44 46 (1024 -1024 704 ) (1024 -1024 192 ) (1024 -1536 192 ) (1024 -1536 704 ) 
4 44 45 (1024 -1024 192 ) (1088 -1024 192 ) (1088 -1536 192 ) (1024 -1536 192 ) 
4 45 51 (1024 -1280 64 ) (1024 -1536 64 ) (1024 -1536 192 ) (1024 -1280 192 ) 
4 45 47 (1024 -1024 192 ) (1024 -1024 64 ) (1024 -1280 64 ) (1024 -1280 192 ) 
4 46 70 (0 -1536 704 ) (0 -1024 704 ) (0 -1024 192 ) (0 -1536 192 ) 
4 46 51 (1024 -1280 192 ) (1024 -1536 192 ) (512 -1536 192 ) (512 -1280 192 ) 
4 46 52 (448 -1536 192 ) (0 -1536 192 ) (0 -1280 192 ) (448 -1280 192 ) 
4 46 49 (448 -1280 192 ) (128 -1280 192 ) (128 -1024 192 ) (448 -1024 192 ) 
4 46 50 (64 -1280 192 ) (0 -1280 192 ) (0 -1024 192 ) (64 -1024 192 ) 
4 46 48 (512 -1024 192 ) (768 -1024 192 ) (768 -1216 192 ) (512 -1216 192 ) 
4 46 47 (1024 -1024 192 ) (1024 -1280 192 ) (832 -1280 192 ) (832 -1024 192 ) 
4 47 51 (832 -1280 64 ) (1024 -1280 64 ) (1024 -1280 192 ) (832 -1280 192 ) 
4 49 52 (128 -1280 64 ) (448 -1280 64 ) (448 -1280 192 ) (128 -1280 192 ) 
4 50 71 (0 -1280 192 ) (0 -1024 192 ) (0 -1024 64 ) (0 -1280 64 ) 
4 50 52 (0 -1280 64 ) (64 -1280 64 ) (64 -1280 192 ) (0 -1280 192 ) 
4 52 74 (0 -1536 192 ) (0 -1280 192 ) (0 -1280 64 ) (0 -1536 64 ) 
4 53 70 (0 -1024 192 ) (0 -1024 704 ) (-1024 -1024 704 ) (-1024 -1024 192 ) 
4 53 64 (-1024 0 704 ) (-1024 0 192 ) (-1024 -1024 192 ) (-1024 -1024 704 ) 
4 53 63 (-896 -960 192 ) (-640 -960 192 ) (-640 -1024 192 ) (-896 -1024 192 ) 
4 53 61 (-1024 -640 192 ) (-1024 -384 192 ) (-640 -384 192 ) (-640 -640 192 ) 
4 53 62 (-1024 -960 192 ) (-1024 -704 192 ) (-640 -704 192 ) (-640 -960 192 ) 
4 53 60 (-1024 -320 192 ) (-1024 0 192 ) (-704 0 192 ) (-704 -320 192 ) 
4 53 59 (-640 -64 192 ) (-640 -320 192 ) (-704 -320 192 ) (-704 -64 192 ) 
4 53 56 (0 -384 192 ) (0 -640 192 ) (-320 -640 192 ) (-320 -384 192 ) 
4 53 57 (0 -704 192 ) (0 -960 192 ) (-320 -960 192 ) (-320 -704 192 ) 
4 53 58 (-320 -960 192 ) (-640 -960 192 ) (-640 -384 192 ) (-320 -384 192 ) 
4 53 54 (0 -64 192 ) (0 -320 192 ) (-128 -320 192 ) (-128 -64 192 ) 
4 53 55 (-192 -320 192 ) (-640 -320 192 ) (-640 -64 192 ) (-192 -64 192 ) 
4 55 59 (-640 -64 64 ) (-640 -320 64 ) (-640 -320 192 ) (-640 -64 192 ) 
4 56 58 (-320 -384 192 ) (-320 -384 64 ) (-320 -640 64 ) (-320 -640 192 ) 
4 57 58 (-320 -704 64 ) (-320 -960 64 ) (-320 -960 192 ) (-320 -704 192 ) 
4 58 61 (-640 -384 64 ) (-640 -640 64 ) (-640 -640 192 ) (-640 -384 192 ) 
4 58 62 (-640 -704 64 ) (-640 -960 64 ) (-640 -960 192 ) (-640 -704 192 ) 
4 59 60 (-704 -64 64 ) (-704 -320 64 ) (-704 -320 192 ) (-704 -64 192 ) 
4 60 65 (-1024 0 192 ) (-1024 0 64 ) (-1024 -320 64 ) (-1024 -320 192 ) 
4 61 65 (-1024 -384 64 ) (-1024 -640 64 ) (-1024 -640 192 ) (-1024 -384 192 ) 
4 62 67 (-1024 -704 64 ) (-1024 -960 64 ) (-1024 -960 192 ) (-1024 -704 192 ) 
4 62 63 (-896 -960 64 ) (-640 -960 64 ) (-640 -960 192 ) (-896 -960 192 ) 
4 63 72 (-640 -1024 192 ) (-896 -1024 192 ) (-896 -1024 64 ) (-640 -1024 64 ) 
4 64 79 (-1024 -1024 192 ) (-1024 -1024 704 ) (-1471 -1024 704 ) (-1471 -1024 192 ) 
4 64 68 (-1471 0 192 ) (-1216 0 192 ) (-1216 -320 192 ) (-1471 -320 192 ) 
4 64 69 (-1216 -384 192 ) (-1216 -960 192 ) (-1471 -960 192 ) (-1471 -384 192 ) 
4 64 67 (-1024 -704 192 ) (-1024 -960 192 ) (-1216 -960 192 ) (-1216 -704 192 ) 
4 64 66 (-1152 -64 192 ) (-1152 -320 192 ) (-1216 -320 192 ) (-1216 -64 192 ) 
4 64 65 (-1152 0 192 ) (-1024 0 192 ) (-1024 -640 192 ) (-1152 -640 192 ) 
4 65 66 (-1152 -64 64 ) (-1152 -320 64 ) (-1152 -320 192 ) (-1152 -64 192 ) 
4 66 68 (-1216 -64 64 ) (-1216 -320 64 ) (-1216 -320 192 ) (-1216 -64 192 ) 
4 67 69 (-1216 -704 64 ) (-1216 -960 64 ) (-1216 -960 192 ) (-1216 -704 192 ) 
4 70 79 (-1024 -1024 704 ) (-1024 -1024 192 ) (-1024 -1536 192 ) (-1024 -1536 704 ) 
4 70 76 (-1024 -1536 192 ) (-1024 -1280 192 ) (-960 -1280 192 ) (-960 -1536 192 ) 
4 70 74 (-576 -1280 192 ) (0 -1280 192 ) (0 -1536 192 ) (-576 -1536 192 ) 
4 70 75 (-896 -1280 192 ) (-640 -1280 192 ) (-640 -1536 192 ) (-896 -1536 192 ) 
4 70 73 (-896 -1216 192 ) (-640 -1216 192 ) (-640 -1280 192 ) (-896 -1280 192 ) 
4 70 72 (-1024 -1216 192 ) (-1024 -1024 192 ) (-256 -1024 192 ) (-256 -1216 192 ) 
4 70 71 (-192 -1024 192 ) (0 -1024 192 ) (0 -1280 192 ) (-192 -1280 192 ) 
4 71 74 (-192 -1280 64 ) (0 -1280 64 ) (0 -1280 192 ) (-192 -1280 192 ) 
4 72 80 (-1024 -1024 192 ) (-1024 -1024 64 ) (-1024 -1216 64 ) (-1024 -1216 192 ) 
4 72 73 (-896 -1216 64 ) (-640 -1216 64 ) (-640 -1216 192 ) (-896 -1216 192 ) 
4 73 75 (-896 -1280 64 ) (-640 -1280 64 ) (-640 -1280 192 ) (-896 -1280 192 ) 
4 74 77 (-576 -1536 64 ) (-256 -1536 64 ) (-256 -1536 192 ) (-576 -1536 192 ) 
4 76 81 (-1024 -1280 64 ) (-1024 -1536 64 ) (-1024 -1536 192 ) (-1024 -1280 192 ) 
4 77 78 (-576 -1600 64 ) (-256 -1600 64 ) (-256 -1600 192 ) (-576 -1600 192 ) 
4 79 80 (-1471 -1216 192 ) (-1471 -1024 192 ) (-1024 -1024 192 ) (-1024 -1216 192 ) 
4 79 81 (-1471 -1536 192 ) (-1471 -1280 192 ) (-1024 -1280 192 ) (-1024 -1536 192 ) 
