


materialPath: E:\Steam Library\steamapps\common\Counter-Strike Source\cstrike\materials
Loading E:\Steam Library\steamapps\common\sourcesdk_content\cstrike\mapsrc\irrgarten.vmf
Could not locate 'GameData' key in e:\steam library\steamapps\common\counter-strike source\cstrike\gameinfo.txt
fixing up env_cubemap materials on brush sides...
0...1...2...3...4...5...6...7...8...9...100...1...2...3...4...5...6...7...8...9...10Processing areas...done (0)
Building Faces...done (0)
FixTjuncs...
PruneNodes...
WriteBSP...
done (0)
writing E:\Steam Library\steamapps\common\sourcesdk_content\cstrike\mapsrc\irrgarten.prt...Building visibility clusters...
done (0)
Creating default LDR cubemaps for env_cubemap using skybox materials:
   skybox/sky_dust*.vmt
 ! Run buildcubemaps in the engine to get the correct cube maps.
Creating default HDR cubemaps for env_cubemap using skybox materials:
   skybox/sky_dust*.vmt
 ! Run buildcubemaps in the engine to get the correct cube maps.
Finding displacement neighbors...
Finding lightmap sample positions...
Displacement Alpha : 0...1...2...3...4...5...6...7...8...9...10
Building Physics collision data...
done (0) (24525 bytes)
Placing detail props : 0...1...2...3...4...5...6...7...8...9...10
Compacting texture/material tables...
Reduced 16 texinfos to 9
Reduced 4 texdatas to 4 (90 bytes to 90)
Writing E:\Steam Library\steamapps\common\sourcesdk_content\cstrike\mapsrc\irrgarten.bsp
MSG_FILEWRITE - Filesystem was asked to write to 'E:\Steam Library\steamapps\common\sourcesdk_content\cstrike\mapsrc\irrgarten.bsp', but we don't own that location. Allowing.
Wrote ZIP buffer, estimated size 86960, actual size 86746
0 seconds elapsed



16 threads
reading e:\steam library\steamapps\common\sourcesdk_content\cstrike\mapsrc\irrgarten.bsp
reading e:\steam library\steamapps\common\sourcesdk_content\cstrike\mapsrc\irrgarten.prt
  82 portalclusters
 162 numportals
0...1...2...3...4...5...6...7...8...9...100...1...2...3...4...5...6...7...8...9...10Optimized: 13 visible clusters (0.49%)
Total clusters visible: 2627
Average clusters visible: 32
Building PAS...
Average clusters audible: 80
visdatasize:2584  compressed from 2624
writing e:\steam library\steamapps\common\sourcesdk_content\cstrike\mapsrc\irrgarten.bsp
MSG_FILEWRITE - Filesystem was asked to write to 'e:\steam library\steamapps\common\sourcesdk_content\cstrike\mapsrc\irrgarten.bsp', but we don't own that location. Allowing.
0 seconds elapsed



[Reading texlights from 'lights.rad']
[2 texlights parsed from 'lights.rad']

Loading e:\steam library\steamapps\common\sourcesdk_content\cstrike\mapsrc\irrgarten.bsp
379 faces
158556 square feet [22832192.00 square inches]
0 Displacements
0 Square Feet [0.00 Square Inches]
379 patches before subdivision
22161 patches after subdivision
2 direct lights
0...1...2...3...4...5...6...7...8...9...100...1...2...3...4...5...6...7...8...9...10transfers 1857227, max 385
transfer lists:  14.2 megs
0...1...2...3...4...5...6...7...8...9...10	Bounce #1 added RGB(16368, 16777, 15935)
0...1...2...3...4...5...6...7...8...9...10	Bounce #2 added RGB(4652, 4902, 4435)
0...1...2...3...4...5...6...7...8...9...10	Bounce #3 added RGB(1290, 1396, 1203)
0...1...2...3...4...5...6...7...8...9...10	Bounce #4 added RGB(370, 411, 337)
0...1...2...3...4...5...6...7...8...9...10	Bounce #5 added RGB(107, 123, 96)
0...1...2...3...4...5...6...7...8...9...10	Bounce #6 added RGB(32, 37, 28)
0...1...2...3...4...5...6...7...8...9...10	Bounce #7 added RGB(10, 12, 8)
0...1...2...3...4...5...6...7...8...9...10	Bounce #8 added RGB(3, 4, 2)
0...1...2...3...4...5...6...7...8...9...10	Bounce #9 added RGB(1, 1, 1)
0...1...2...3...4...5...6...7...8...9...10	Bounce #10 added RGB(0, 0, 0)
Build Patch/Sample Hash Table(s).....Done<0.0022 sec>
0...1...2...3...4...5...6...7...8...9...10FinalLightFace Done
0 of 0 (0% of) surface lights went in leaf ambient cubes.
0...1...2...3...4...5...6...7...8...9...10Writing leaf ambient...done
Ready to Finish

Object names       Objects/Maxobjs  Memory / Maxmem  Fullness 
------------       ---------------  ---------------  -------- 
models                   3/1024          144/49152    ( 0.3%) 
brushes                 67/8192          804/98304    ( 0.8%) 
brushsides             402/65536        3216/524288   ( 0.6%) 
planes                 158/65536        3160/1310720  ( 0.2%) 
vertexes               614/65536        7368/786432   ( 0.9%) 
nodes                  227/65536        7264/2097152  ( 0.3%) 
texinfos                 9/12288         648/884736   ( 0.1%) 
texdata                  4/2048          128/65536    ( 0.2%) 
dispinfos                0/0               0/0        ( 0.0%) 
disp_verts               0/0               0/0        ( 0.0%) 
disp_tris                0/0               0/0        ( 0.0%) 
disp_lmsamples           0/0               0/0        ( 0.0%) 
faces                  379/65536       21224/3670016  ( 0.6%) 
hdr faces                0/65536           0/3670016  ( 0.0%) 
origfaces              185/65536       10360/3670016  ( 0.3%) 
leaves                 231/65536        7392/2097152  ( 0.4%) 
leaffaces              402/65536         804/131072   ( 0.6%) 
leafbrushes            139/65536         278/131072   ( 0.2%) 
areas                    2/256            16/2048     ( 0.8%) 
surfedges             2484/512000       9936/2048000  ( 0.5%) 
edges                 1419/256000       5676/1024000  ( 0.6%) 
LDR worldlights          2/8192          176/720896   ( 0.0%) 
HDR worldlights          0/8192            0/720896   ( 0.0%) 
leafwaterdata            0/32768           0/393216   ( 0.0%) 
waterstrips             34/32768         340/327680   ( 0.1%) 
waterverts               0/65536           0/786432   ( 0.0%) 
waterindices           477/65536         954/131072   ( 0.7%) 
cubemapsamples           0/1024            0/16384    ( 0.0%) 
overlays                 0/512             0/180224   ( 0.0%) 
LDR lightdata         [variable]      567196/0        ( 0.0%) 
HDR lightdata         [variable]           0/0        ( 0.0%) 
visdata               [variable]        2584/16777216 ( 0.0%) 
entdata               [variable]        1092/393216   ( 0.3%) 
LDR ambient table      231/65536         924/262144   ( 0.4%) 
HDR ambient table      231/65536         924/262144   ( 0.4%) 
LDR leaf ambient      1096/65536       30688/1835008  ( 1.7%) 
HDR leaf ambient       231/65536        6468/1835008  ( 0.4%) 
occluders                0/0               0/0        ( 0.0%) 
occluder polygons        0/0               0/0        ( 0.0%) 
occluder vert ind        0/0               0/0        ( 0.0%) 
detail props          [variable]           1/12       ( 8.3%) 
static props          [variable]           1/12       ( 8.3%) 
pakfile               [variable]       86746/0        ( 0.0%) 
physics               [variable]       24525/4194304  ( 0.6%) 
physics terrain       [variable]           2/1048576  ( 0.0%) 

Level flags = 0

Total triangle count: 986
Writing e:\steam library\steamapps\common\sourcesdk_content\cstrike\mapsrc\irrgarten.bsp
0 seconds elapsed



materialPath: E:\Steam Library\steamapps\common\Counter-Strike Source\cstrike\materials
Loading E:\Steam Library\steamapps\common\sourcesdk_content\cstrike\mapsrc\irrgarten.vmf
Could not locate 'GameData' key in e:\steam library\steamapps\common\counter-strike source\cstrike\gameinfo.txt
fixing up env_cubemap materials on brush sides...
0...1...2...3...4...5...6...7...8...9...100...1...2...3...4...5...6...7...8...9...10Processing areas...done (0)
Building Faces...done (0)
FixTjuncs...
PruneNodes...
WriteBSP...
done (0)
writing E:\Steam Library\steamapps\common\sourcesdk_content\cstrike\mapsrc\irrgarten.prt...Building visibility clusters...
done (0)
Creating default LDR cubemaps for env_cubemap using skybox materials:
   skybox/sky_dust*.vmt
 ! Run buildcubemaps in the engine to get the correct cube maps.
Creating default HDR cubemaps for env_cubemap using skybox materials:
   skybox/sky_dust*.vmt
 ! Run buildcubemaps in the engine to get the correct cube maps.
Finding displacement neighbors...
Finding lightmap sample positions...
Displacement Alpha : 0...1...2...3...4...5...6...7...8...9...10
Building Physics collision data...
done (0) (24525 bytes)
Placing detail props : 0...1...2...3...4...5...6...7...8...9...10
Compacting texture/material tables...
Reduced 16 texinfos to 9
Reduced 4 texdatas to 4 (90 bytes to 90)
Writing E:\Steam Library\steamapps\common\sourcesdk_content\cstrike\mapsrc\irrgarten.bsp
MSG_FILEWRITE - Filesystem was asked to write to 'E:\Steam Library\steamapps\common\sourcesdk_content\cstrike\mapsrc\irrgarten.bsp', but we don't own that location. Allowing.
Wrote ZIP buffer, estimated size 86960, actual size 86746
0 seconds elapsed



16 threads
reading e:\steam library\steamapps\common\sourcesdk_content\cstrike\mapsrc\irrgarten.bsp
reading e:\steam library\steamapps\common\sourcesdk_content\cstrike\mapsrc\irrgarten.prt
  82 portalclusters
 162 numportals
0...1...2...3...4...5...6...7...8...9...100...1...2...3...4...5...6...7...8...9...10Optimized: 15 visible clusters (0.57%)
Total clusters visible: 2633
Average clusters visible: 32
Building PAS...
Average clusters audible: 80
visdatasize:2582  compressed from 2624
writing e:\steam library\steamapps\common\sourcesdk_content\cstrike\mapsrc\irrgarten.bsp
MSG_FILEWRITE - Filesystem was asked to write to 'e:\steam library\steamapps\common\sourcesdk_content\cstrike\mapsrc\irrgarten.bsp', but we don't own that location. Allowing.
0 seconds elapsed



[Reading texlights from 'lights.rad']
[2 texlights parsed from 'lights.rad']

Loading e:\steam library\steamapps\common\sourcesdk_content\cstrike\mapsrc\irrgarten.bsp
379 faces
158556 square feet [22832192.00 square inches]
0 Displacements
0 Square Feet [0.00 Square Inches]
379 patches before subdivision
22161 patches after subdivision
4 direct lights
0...1...2...3...4...5...6...7...8...9...100...1...2...3...4...5...6...7...8...9...10transfers 1857227, max 385
transfer lists:  14.2 megs
0...1...2...3...4...5...6...7...8...9...10	Bounce #1 added RGB(64760, 66652, 63555)
0...1...2...3...4...5...6...7...8...9...10	Bounce #2 added RGB(24614, 26074, 23705)
0...1...2...3...4...5...6...7...8...9...10	Bounce #3 added RGB(9592, 10468, 9083)
0...1...2...3...4...5...6...7...8...9...10	Bounce #4 added RGB(3803, 4277, 3543)
0...1...2...3...4...5...6...7...8...9...10	Bounce #5 added RGB(1531, 1774, 1404)
0...1...2...3...4...5...6...7...8...9...10	Bounce #6 added RGB(622, 743, 562)
0...1...2...3...4...5...6...7...8...9...10	Bounce #7 added RGB(255, 314, 227)
0...1...2...3...4...5...6...7...8...9...10	Bounce #8 added RGB(105, 133, 92)
0...1...2...3...4...5...6...7...8...9...10	Bounce #9 added RGB(43, 57, 38)
0...1...2...3...4...5...6...7...8...9...10	Bounce #10 added RGB(18, 24, 15)
0...1...2...3...4...5...6...7...8...9...10	Bounce #11 added RGB(7, 10, 6)
0...1...2...3...4...5...6...7...8...9...10	Bounce #12 added RGB(3, 5, 3)
0...1...2...3...4...5...6...7...8...9...10	Bounce #13 added RGB(1, 2, 1)
0...1...2...3...4...5...6...7...8...9...10	Bounce #14 added RGB(1, 1, 0)
Build Patch/Sample Hash Table(s).....Done<0.0022 sec>
0...1...2...3...4...5...6...7...8...9...10FinalLightFace Done
0 of 0 (0% of) surface lights went in leaf ambient cubes.
0...1...2...3...4...5...6...7...8...9...10Writing leaf ambient...done
Ready to Finish

Object names       Objects/Maxobjs  Memory / Maxmem  Fullness 
------------       ---------------  ---------------  -------- 
models                   3/1024          144/49152    ( 0.3%) 
brushes                 67/8192          804/98304    ( 0.8%) 
brushsides             402/65536        3216/524288   ( 0.6%) 
planes                 158/65536        3160/1310720  ( 0.2%) 
vertexes               614/65536        7368/786432   ( 0.9%) 
nodes                  227/65536        7264/2097152  ( 0.3%) 
texinfos                 9/12288         648/884736   ( 0.1%) 
texdata                  4/2048          128/65536    ( 0.2%) 
dispinfos                0/0               0/0        ( 0.0%) 
disp_verts               0/0               0/0        ( 0.0%) 
disp_tris                0/0               0/0        ( 0.0%) 
disp_lmsamples           0/0               0/0        ( 0.0%) 
faces                  379/65536       21224/3670016  ( 0.6%) 
hdr faces                0/65536           0/3670016  ( 0.0%) 
origfaces              185/65536       10360/3670016  ( 0.3%) 
leaves                 231/65536        7392/2097152  ( 0.4%) 
leaffaces              402/65536         804/131072   ( 0.6%) 
leafbrushes            139/65536         278/131072   ( 0.2%) 
areas                    2/256            16/2048     ( 0.8%) 
surfedges             2484/512000       9936/2048000  ( 0.5%) 
edges                 1419/256000       5676/1024000  ( 0.6%) 
LDR worldlights          4/8192          352/720896   ( 0.0%) 
HDR worldlights          0/8192            0/720896   ( 0.0%) 
leafwaterdata            0/32768           0/393216   ( 0.0%) 
waterstrips             34/32768         340/327680   ( 0.1%) 
waterverts               0/65536           0/786432   ( 0.0%) 
waterindices           477/65536         954/131072   ( 0.7%) 
cubemapsamples           0/1024            0/16384    ( 0.0%) 
overlays                 0/512             0/180224   ( 0.0%) 
LDR lightdata         [variable]      567196/0        ( 0.0%) 
HDR lightdata         [variable]           0/0        ( 0.0%) 
visdata               [variable]        2582/16777216 ( 0.0%) 
entdata               [variable]        1414/393216   ( 0.4%) 
LDR ambient table      231/65536         924/262144   ( 0.4%) 
HDR ambient table      231/65536         924/262144   ( 0.4%) 
LDR leaf ambient      1125/65536       31500/1835008  ( 1.7%) 
HDR leaf ambient       231/65536        6468/1835008  ( 0.4%) 
occluders                0/0               0/0        ( 0.0%) 
occluder polygons        0/0               0/0        ( 0.0%) 
occluder vert ind        0/0               0/0        ( 0.0%) 
detail props          [variable]           1/12       ( 8.3%) 
static props          [variable]           1/12       ( 8.3%) 
pakfile               [variable]       86746/0        ( 0.0%) 
physics               [variable]       24525/4194304  ( 0.6%) 
physics terrain       [variable]           2/1048576  ( 0.0%) 

Level flags = 0

Total triangle count: 986
Writing e:\steam library\steamapps\common\sourcesdk_content\cstrike\mapsrc\irrgarten.bsp
0 seconds elapsed



materialPath: E:\Steam Library\steamapps\common\Counter-Strike Source\cstrike\materials
Loading E:\Steam Library\steamapps\common\sourcesdk_content\cstrike\mapsrc\irrgarten.vmf
Could not locate 'GameData' key in e:\steam library\steamapps\common\counter-strike source\cstrike\gameinfo.txt
fixing up env_cubemap materials on brush sides...
0...1...2...3...4...5...6...7...8...9...100...1...2...3...4...5...6...7...8...9...10Processing areas...done (0)
Building Faces...done (0)
FixTjuncs...
PruneNodes...
WriteBSP...
done (0)
writing E:\Steam Library\steamapps\common\sourcesdk_content\cstrike\mapsrc\irrgarten.prt...Building visibility clusters...
done (0)
Creating default LDR cubemaps for env_cubemap using skybox materials:
   skybox/sky_dust*.vmt
 ! Run buildcubemaps in the engine to get the correct cube maps.
Creating default HDR cubemaps for env_cubemap using skybox materials:
   skybox/sky_dust*.vmt
 ! Run buildcubemaps in the engine to get the correct cube maps.
Finding displacement neighbors...
Finding lightmap sample positions...
Displacement Alpha : 0...1...2...3...4...5...6...7...8...9...10
Building Physics collision data...
done (0) (24525 bytes)
Placing detail props : 0...1...2...3...4...5...6...7...8...9...10
Compacting texture/material tables...
Reduced 16 texinfos to 9
Reduced 4 texdatas to 4 (90 bytes to 90)
Writing E:\Steam Library\steamapps\common\sourcesdk_content\cstrike\mapsrc\irrgarten.bsp
MSG_FILEWRITE - Filesystem was asked to write to 'E:\Steam Library\steamapps\common\sourcesdk_content\cstrike\mapsrc\irrgarten.bsp', but we don't own that location. Allowing.
Wrote ZIP buffer, estimated size 86960, actual size 86746
0 seconds elapsed



16 threads
reading e:\steam library\steamapps\common\sourcesdk_content\cstrike\mapsrc\irrgarten.bsp
reading e:\steam library\steamapps\common\sourcesdk_content\cstrike\mapsrc\irrgarten.prt
  82 portalclusters
 162 numportals
0...1...2...3...4...5...6...7...8...9...100...1...2...3...4...5...6...7...8...9...10Optimized: 13 visible clusters (0.49%)
Total clusters visible: 2627
Average clusters visible: 32
Building PAS...
Average clusters audible: 80
visdatasize:2584  compressed from 2624
writing e:\steam library\steamapps\common\sourcesdk_content\cstrike\mapsrc\irrgarten.bsp
MSG_FILEWRITE - Filesystem was asked to write to 'e:\steam library\steamapps\common\sourcesdk_content\cstrike\mapsrc\irrgarten.bsp', but we don't own that location. Allowing.
0 seconds elapsed



[Reading texlights from 'lights.rad']
[2 texlights parsed from 'lights.rad']

Loading e:\steam library\steamapps\common\sourcesdk_content\cstrike\mapsrc\irrgarten.bsp
379 faces
158556 square feet [22832192.00 square inches]
0 Displacements
0 Square Feet [0.00 Square Inches]
379 patches before subdivision
22161 patches after subdivision
4 direct lights
0...1...2...3...4...5...6...7...8...9...100...1...2...3...4...5...6...7...8...9...10transfers 1857227, max 385
transfer lists:  14.2 megs
0...1...2...3...4...5...6...7...8...9...10	Bounce #1 added RGB(64760, 66652, 63555)
0...1...2...3...4...5...6...7...8...9...10	Bounce #2 added RGB(24615, 26074, 23705)
0...1...2...3...4...5...6...7...8...9...10	Bounce #3 added RGB(9592, 10468, 9083)
0...1...2...3...4...5...6...7...8...9...10	Bounce #4 added RGB(3803, 4277, 3543)
0...1...2...3...4...5...6...7...8...9...10	Bounce #5 added RGB(1531, 1774, 1404)
0...1...2...3...4...5...6...7...8...9...10	Bounce #6 added RGB(622, 743, 562)
0...1...2...3...4...5...6...7...8...9...10	Bounce #7 added RGB(255, 314, 227)
0...1...2...3...4...5...6...7...8...9...10	Bounce #8 added RGB(105, 133, 92)
0...1...2...3...4...5...6...7...8...9...10	Bounce #9 added RGB(43, 57, 38)
0...1...2...3...4...5...6...7...8...9...10	Bounce #10 added RGB(18, 24, 15)
0...1...2...3...4...5...6...7...8...9...10	Bounce #11 added RGB(7, 10, 6)
0...1...2...3...4...5...6...7...8...9...10	Bounce #12 added RGB(3, 5, 3)
0...1...2...3...4...5...6...7...8...9...10	Bounce #13 added RGB(1, 2, 1)
0...1...2...3...4...5...6...7...8...9...10	Bounce #14 added RGB(1, 1, 0)
Build Patch/Sample Hash Table(s).....Done<0.0022 sec>
0...1...2...3...4...5...6...7...8...9...10FinalLightFace Done
0 of 0 (0% of) surface lights went in leaf ambient cubes.
0...1...2...3...4...5...6...7...8...9...10Writing leaf ambient...done
Ready to Finish

Object names       Objects/Maxobjs  Memory / Maxmem  Fullness 
------------       ---------------  ---------------  -------- 
models                   3/1024          144/49152    ( 0.3%) 
brushes                 67/8192          804/98304    ( 0.8%) 
brushsides             402/65536        3216/524288   ( 0.6%) 
planes                 158/65536        3160/1310720  ( 0.2%) 
vertexes               614/65536        7368/786432   ( 0.9%) 
nodes                  227/65536        7264/2097152  ( 0.3%) 
texinfos                 9/12288         648/884736   ( 0.1%) 
texdata                  4/2048          128/65536    ( 0.2%) 
dispinfos                0/0               0/0        ( 0.0%) 
disp_verts               0/0               0/0        ( 0.0%) 
disp_tris                0/0               0/0        ( 0.0%) 
disp_lmsamples           0/0               0/0        ( 0.0%) 
faces                  379/65536       21224/3670016  ( 0.6%) 
hdr faces                0/65536           0/3670016  ( 0.0%) 
origfaces              185/65536       10360/3670016  ( 0.3%) 
leaves                 231/65536        7392/2097152  ( 0.4%) 
leaffaces              402/65536         804/131072   ( 0.6%) 
leafbrushes            139/65536         278/131072   ( 0.2%) 
areas                    2/256            16/2048     ( 0.8%) 
surfedges             2484/512000       9936/2048000  ( 0.5%) 
edges                 1419/256000       5676/1024000  ( 0.6%) 
LDR worldlights          4/8192          352/720896   ( 0.0%) 
HDR worldlights          0/8192            0/720896   ( 0.0%) 
leafwaterdata            0/32768           0/393216   ( 0.0%) 
waterstrips             34/32768         340/327680   ( 0.1%) 
waterverts               0/65536           0/786432   ( 0.0%) 
waterindices           477/65536         954/131072   ( 0.7%) 
cubemapsamples           0/1024            0/16384    ( 0.0%) 
overlays                 0/512             0/180224   ( 0.0%) 
LDR lightdata         [variable]      567196/0        ( 0.0%) 
HDR lightdata         [variable]           0/0        ( 0.0%) 
visdata               [variable]        2584/16777216 ( 0.0%) 
entdata               [variable]        1414/393216   ( 0.4%) 
LDR ambient table      231/65536         924/262144   ( 0.4%) 
HDR ambient table      231/65536         924/262144   ( 0.4%) 
LDR leaf ambient      1125/65536       31500/1835008  ( 1.7%) 
HDR leaf ambient       231/65536        6468/1835008  ( 0.4%) 
occluders                0/0               0/0        ( 0.0%) 
occluder polygons        0/0               0/0        ( 0.0%) 
occluder vert ind        0/0               0/0        ( 0.0%) 
detail props          [variable]           1/12       ( 8.3%) 
static props          [variable]           1/12       ( 8.3%) 
pakfile               [variable]       86746/0        ( 0.0%) 
physics               [variable]       24525/4194304  ( 0.6%) 
physics terrain       [variable]           2/1048576  ( 0.0%) 

Level flags = 0

Total triangle count: 986
Writing e:\steam library\steamapps\common\sourcesdk_content\cstrike\mapsrc\irrgarten.bsp
0 seconds elapsed



[Reading texlights from 'lights.rad']
[2 texlights parsed from 'lights.rad']

Loading e:\steam library\steamapps\common\sourcesdk_content\cstrike\mapsrc\irrgarten.bsp
379 faces
158556 square feet [22832192.00 square inches]
0 Displacements
0 Square Feet [0.00 Square Inches]
379 patches before subdivision
22161 patches after subdivision
4 direct lights
0...1...2...3...4...5...6...7...8...9...100...1...2...3...4...5...6...7...8...9...10transfers 1857227, max 385
transfer lists:  14.2 megs
0...1...2...3...4...5...6...7...8...9...10	Bounce #1 added RGB(64760, 66653, 63555)
0...1...2...3...4...5...6...7...8...9...10	Bounce #2 added RGB(24615, 26074, 23705)
0...1...2...3...4...5...6...7...8...9...10	Bounce #3 added RGB(9592, 10468, 9083)
0...1...2...3...4...5...6...7...8...9...10	Bounce #4 added RGB(3803, 4277, 3543)
0...1...2...3...4...5...6...7...8...9...10	Bounce #5 added RGB(1531, 1774, 1404)
0...1...2...3...4...5...6...7...8...9...10	Bounce #6 added RGB(622, 743, 562)
0...1...2...3...4...5...6...7...8...9...10	Bounce #7 added RGB(255, 314, 227)
0...1...2...3...4...5...6...7...8...9...10	Bounce #8 added RGB(105, 133, 92)
0...1...2...3...4...5...6...7...8...9...10	Bounce #9 added RGB(43, 57, 38)
0...1...2...3...4...5...6...7...8...9...10	Bounce #10 added RGB(18, 24, 15)
0...1...2...3...4...5...6...7...8...9...10	Bounce #11 added RGB(7, 10, 6)
0...1...2...3...4...5...6...7...8...9...10	Bounce #12 added RGB(3, 5, 3)
0...1...2...3...4...5...6...7...8...9...10	Bounce #13 added RGB(1, 2, 1)
0...1...2...3...4...5...6...7...8...9...10	Bounce #14 added RGB(1, 1, 0)
Build Patch/Sample Hash Table(s).....Done<0.0024 sec>
0...1...2...3...4...5...6...7...8...9...10FinalLightFace Done
0 of 0 (0% of) surface lights went in leaf ambient cubes.
0...1...2...3...4...5...6...7...8...9...10Writing leaf ambient...done
Ready to Finish

Object names       Objects/Maxobjs  Memory / Maxmem  Fullness 
------------       ---------------  ---------------  -------- 
models                   3/1024          144/49152    ( 0.3%) 
brushes                 67/8192          804/98304    ( 0.8%) 
brushsides             402/65536        3216/524288   ( 0.6%) 
planes                 158/65536        3160/1310720  ( 0.2%) 
vertexes               614/65536        7368/786432   ( 0.9%) 
nodes                  227/65536        7264/2097152  ( 0.3%) 
texinfos                 9/12288         648/884736   ( 0.1%) 
texdata                  4/2048          128/65536    ( 0.2%) 
dispinfos                0/0               0/0        ( 0.0%) 
disp_verts               0/0               0/0        ( 0.0%) 
disp_tris                0/0               0/0        ( 0.0%) 
disp_lmsamples           0/0               0/0        ( 0.0%) 
faces                  379/65536       21224/3670016  ( 0.6%) 
hdr faces              379/65536       21224/3670016  ( 0.6%) 
origfaces              185/65536       10360/3670016  ( 0.3%) 
leaves                 231/65536        7392/2097152  ( 0.4%) 
leaffaces              402/65536         804/131072   ( 0.6%) 
leafbrushes            139/65536         278/131072   ( 0.2%) 
areas                    2/256            16/2048     ( 0.8%) 
surfedges             2484/512000       9936/2048000  ( 0.5%) 
edges                 1419/256000       5676/1024000  ( 0.6%) 
LDR worldlights          4/8192          352/720896   ( 0.0%) 
HDR worldlights          4/8192          352/720896   ( 0.0%) 
leafwaterdata            0/32768           0/393216   ( 0.0%) 
waterstrips             34/32768         340/327680   ( 0.1%) 
waterverts               0/65536           0/786432   ( 0.0%) 
waterindices           477/65536         954/131072   ( 0.7%) 
cubemapsamples           0/1024            0/16384    ( 0.0%) 
overlays                 0/512             0/180224   ( 0.0%) 
LDR lightdata         [variable]      567196/0        ( 0.0%) 
HDR lightdata         [variable]      567196/0        ( 0.0%) 
visdata               [variable]        2584/16777216 ( 0.0%) 
entdata               [variable]        1414/393216   ( 0.4%) 
LDR ambient table      231/65536         924/262144   ( 0.4%) 
HDR ambient table      231/65536         924/262144   ( 0.4%) 
LDR leaf ambient      1125/65536       31500/1835008  ( 1.7%) 
HDR leaf ambient      1125/65536       31500/1835008  ( 1.7%) 
occluders                0/0               0/0        ( 0.0%) 
occluder polygons        0/0               0/0        ( 0.0%) 
occluder vert ind        0/0               0/0        ( 0.0%) 
detail props          [variable]           1/12       ( 8.3%) 
static props          [variable]           1/12       ( 8.3%) 
pakfile               [variable]       86746/0        ( 0.0%) 
physics               [variable]       24525/4194304  ( 0.6%) 
physics terrain       [variable]           2/1048576  ( 0.0%) 

Level flags = 0

Total triangle count: 986
Writing e:\steam library\steamapps\common\sourcesdk_content\cstrike\mapsrc\irrgarten.bsp
1 second elapsed
